<?xml version="1.0" encoding="UTF-8"?>
<testng-results ignored="0" total="2" passed="2" failed="0" skipped="0">
  <reporter-output>
  </reporter-output>
  <suite started-at="2025-10-25T23:33:55 IST" name="Suite" finished-at="2025-10-25T23:34:11 IST" duration-ms="16353">
    <groups>
    </groups>
    <test started-at="2025-10-25T23:33:55 IST" name="Test" finished-at="2025-10-25T23:34:11 IST" duration-ms="16353">
      <class name="com.qa.freecrm.tests.LoginPageTest">
        <test-method is-config="true" signature="Setup()[pri:0, instance:com.qa.freecrm.tests.LoginPageTest@31190526]" started-at="2025-10-25T23:33:55 IST" name="Setup" finished-at="2025-10-25T23:34:10 IST" duration-ms="15377" status="PASS">
          <reporter-output>
          </reporter-output>
        </test-method> <!-- Setup -->
        <test-method signature="VerifyLoginPageTitle()[pri:0, instance:com.qa.freecrm.tests.LoginPageTest@31190526]" started-at="2025-10-25T23:34:10 IST" name="VerifyLoginPageTitle" finished-at="2025-10-25T23:34:10 IST" duration-ms="48" status="PASS">
          <reporter-output>
          </reporter-output>
        </test-method> <!-- VerifyLoginPageTitle -->
        <test-method signature="VerifyLoginPageUrl()[pri:0, instance:com.qa.freecrm.tests.LoginPageTest@31190526]" started-at="2025-10-25T23:34:10 IST" name="VerifyLoginPageUrl" finished-at="2025-10-25T23:34:10 IST" duration-ms="5" status="PASS">
          <reporter-output>
          </reporter-output>
        </test-method> <!-- VerifyLoginPageUrl -->
        <test-method is-config="true" signature="Teardown()[pri:0, instance:com.qa.freecrm.tests.LoginPageTest@31190526]" started-at="2025-10-25T23:34:10 IST" name="Teardown" finished-at="2025-10-25T23:34:11 IST" duration-ms="843" status="PASS">
          <reporter-output>
          </reporter-output>
        </test-method> <!-- Teardown -->
      </class> <!-- com.qa.freecrm.tests.LoginPageTest -->
    </test> <!-- Test -->
  </suite> <!-- Suite -->
</testng-results>
