<?xml version="1.0" encoding="UTF-8"?>
<testng-results total="3" passed="3" failed="0" skipped="0">
  <reporter-output>
  </reporter-output>
  <suite started-at="2025-10-26T12:00:20Z" name="Suite" finished-at="2025-10-26T12:00:37Z" duration-ms="16818">
    <groups>
    </groups>
    <test started-at="2025-10-26T12:00:20Z" name="Test" finished-at="2025-10-26T12:00:37Z" duration-ms="16818">
      <class name="com.qa.freecrm.tests.LoginPageTest">
        <test-method is-config="true" signature="Setup()[pri:0, instance:com.qa.freecrm.tests.LoginPageTest@2034b64c]" started-at="2025-10-26T17:30:20Z" name="Setup" finished-at="2025-10-26T17:30:34Z" duration-ms="13512" status="PASS">
          <reporter-output>
          </reporter-output>
        </test-method> <!-- Setup -->
        <test-method signature="VerifyLoginPageTitle()[pri:0, instance:com.qa.freecrm.tests.LoginPageTest@2034b64c]" started-at="2025-10-26T17:30:34Z" name="VerifyLoginPageTitle" finished-at="2025-10-26T17:30:34Z" duration-ms="55" status="PASS">
          <reporter-output>
          </reporter-output>
        </test-method> <!-- VerifyLoginPageTitle -->
        <test-method signature="VerifyLoginPageUrl()[pri:0, instance:com.qa.freecrm.tests.LoginPageTest@2034b64c]" started-at="2025-10-26T17:30:34Z" name="VerifyLoginPageUrl" finished-at="2025-10-26T17:30:34Z" duration-ms="35" status="PASS">
          <reporter-output>
          </reporter-output>
        </test-method> <!-- VerifyLoginPageUrl -->
        <test-method signature="VerifySuccessfulLogin()[pri:0, instance:com.qa.freecrm.tests.LoginPageTest@2034b64c]" started-at="2025-10-26T17:30:34Z" name="VerifySuccessfulLogin" finished-at="2025-10-26T17:30:37Z" duration-ms="2978" status="PASS">
          <reporter-output>
          </reporter-output>
        </test-method> <!-- VerifySuccessfulLogin -->
        <test-method is-config="true" signature="Teardown()[pri:0, instance:com.qa.freecrm.tests.LoginPageTest@2034b64c]" started-at="2025-10-26T17:30:37Z" name="Teardown" finished-at="2025-10-26T17:30:37Z" duration-ms="292" status="PASS">
          <reporter-output>
          </reporter-output>
        </test-method> <!-- Teardown -->
      </class> <!-- com.qa.freecrm.tests.LoginPageTest -->
    </test> <!-- Test -->
  </suite> <!-- Suite -->
</testng-results>
